# JRE version: OpenJDK Runtime Environment Corretto-15.0.1.9.1 (15.0.1+9) (build 15.0.1+9)
# Java VM: OpenJDK 64-Bit Server VM Corretto-15.0.1.9.1 (15.0.1+9, mixed mode, sharing, tiered, compressed oops, g1 gc, linux-amd64)
GC Precious Log:
 CPUs: 12 total, 12 available
 Memory: 63935M
 Large Page Support: Disabled
 NUMA Support: Disabled
 Compressed Oops: Enabled (Zero based)
 Heap Region Size: 8M
 Heap Min Capacity: 8M
 Heap Initial Capacity: 1000M
 Heap Max Capacity: 15984M
 Pre-touch: Disabled
 Parallel Workers: 10
 Concurrent Workers: 3
 Concurrent Refinement Workers: 10
 Periodic GC: Disabled
Heap:
 garbage-first heap   total 163840K, used 22504K [0x0000000419000000, 0x0000000800000000)
  region size 8192K, 3 young (24576K), 2 survivors (16384K)
 Metaspace       used 21216K, capacity 21496K, committed 21760K, reserved 1069056K
  class space    used 2891K, capacity 3026K, committed 3072K, reserved 1048576K
GC Heap History (6 events):
Event: 1,054 GC heap before
{Heap before GC invocations=0 (full 0):
 garbage-first heap   total 1040384K, used 57144K [0x0000000419000000, 0x0000000800000000)
  region size 8192K, 6 young (49152K), 0 survivors (0K)
 Metaspace       used 13023K, capacity 13291K, committed 13568K, reserved 1060864K
  class space    used 1834K, capacity 1930K, committed 2048K, reserved 1048576K
}
Event: 1,058 GC heap after
{Heap after GC invocations=1 (full 0):
 garbage-first heap   total 1040384K, used 14138K [0x0000000419000000, 0x0000000800000000)
  region size 8192K, 1 young (8192K), 1 survivors (8192K)
 Metaspace       used 13023K, capacity 13291K, committed 13568K, reserved 1060864K
  class space    used 1834K, capacity 1930K, committed 2048K, reserved 1048576K
}
Event: 9,102 GC heap before
{Heap before GC invocations=1 (full 0):
 garbage-first heap   total 1040384K, used 55098K [0x0000000419000000, 0x0000000800000000)
  region size 8192K, 6 young (49152K), 1 survivors (8192K)
 Metaspace       used 20178K, capacity 20466K, committed 20608K, reserved 1067008K
  class space    used 2782K, capacity 2896K, committed 2944K, reserved 1048576K
}
Event: 9,111 GC heap after
{Heap after GC invocations=2 (full 0):
 garbage-first heap   total 1040384K, used 22222K [0x0000000419000000, 0x0000000800000000)
  region size 8192K, 1 young (8192K), 1 survivors (8192K)
 Metaspace       used 20178K, capacity 20466K, committed 20608K, reserved 1067008K
  class space    used 2782K, capacity 2896K, committed 2944K, reserved 1048576K
}
Event: 9,132 GC heap before
{Heap before GC invocations=2 (full 0):
 garbage-first heap   total 1040384K, used 22222K [0x0000000419000000, 0x0000000800000000)
  region size 8192K, 2 young (16384K), 1 survivors (8192K)
 Metaspace       used 20756K, capacity 21074K, committed 21248K, reserved 1067008K
  class space    used 2836K, capacity 2992K, committed 3072K, reserved 1048576K
}
Event: 9,135 GC heap after
{Heap after GC invocations=3 (full 0):
 garbage-first heap   total 1040384K, used 22504K [0x0000000419000000, 0x0000000800000000)
  region size 8192K, 2 young (16384K), 2 survivors (16384K)
 Metaspace       used 20756K, capacity 21074K, committed 21248K, reserved 1067008K
  class space    used 2836K, capacity 2992K, committed 3072K, reserved 1048576K
}

