# JRE version: OpenJDK Runtime Environment Corretto-15.0.1.9.1 (15.0.1+9) (build 15.0.1+9)
# Java VM: OpenJDK 64-Bit Server VM Corretto-15.0.1.9.1 (15.0.1+9, mixed mode, sharing, tiered, compressed oops, g1 gc, linux-amd64)
GC Precious Log:
 CPUs: 12 total, 12 available
 Memory: 63935M
 Large Page Support: Disabled
 NUMA Support: Disabled
 Compressed Oops: Enabled (Zero based)
 Heap Region Size: 8M
 Heap Min Capacity: 8M
 Heap Initial Capacity: 1000M
 Heap Max Capacity: 15984M
 Pre-touch: Disabled
 Parallel Workers: 10
 Concurrent Workers: 3
 Concurrent Refinement Workers: 10
 Periodic GC: Disabled
Heap:
 garbage-first heap   total 163840K, used 22670K [0x0000000419000000, 0x0000000800000000)
  region size 8192K, 3 young (24576K), 2 survivors (16384K)
 Metaspace       used 21121K, capacity 21400K, committed 21760K, reserved 1069056K
  class space    used 2887K, capacity 2996K, committed 3072K, reserved 1048576K
GC Heap History (6 events):
Event: 1,193 GC heap before
{Heap before GC invocations=0 (full 0):
 garbage-first heap   total 1040384K, used 57144K [0x0000000419000000, 0x0000000800000000)
  region size 8192K, 6 young (49152K), 0 survivors (0K)
 Metaspace       used 12908K, capacity 13115K, committed 13440K, reserved 1060864K
  class space    used 1795K, capacity 1866K, committed 1920K, reserved 1048576K
}
Event: 1,199 GC heap after
{Heap after GC invocations=1 (full 0):
 garbage-first heap   total 1040384K, used 14300K [0x0000000419000000, 0x0000000800000000)
  region size 8192K, 1 young (8192K), 1 survivors (8192K)
 Metaspace       used 12908K, capacity 13115K, committed 13440K, reserved 1060864K
  class space    used 1795K, capacity 1866K, committed 1920K, reserved 1048576K
}
Event: 6,080 GC heap before
{Heap before GC invocations=1 (full 0):
 garbage-first heap   total 1040384K, used 55260K [0x0000000419000000, 0x0000000800000000)
  region size 8192K, 6 young (49152K), 1 survivors (8192K)
 Metaspace       used 20436K, capacity 20744K, committed 20864K, reserved 1067008K
  class space    used 2815K, capacity 2928K, committed 2944K, reserved 1048576K
}
Event: 6,085 GC heap after
{Heap after GC invocations=2 (full 0):
 garbage-first heap   total 1040384K, used 22145K [0x0000000419000000, 0x0000000800000000)
  region size 8192K, 1 young (8192K), 1 survivors (8192K)
 Metaspace       used 20436K, capacity 20744K, committed 20864K, reserved 1067008K
  class space    used 2815K, capacity 2928K, committed 2944K, reserved 1048576K
}
Event: 6,105 GC heap before
{Heap before GC invocations=2 (full 0):
 garbage-first heap   total 1040384K, used 22145K [0x0000000419000000, 0x0000000800000000)
  region size 8192K, 2 young (16384K), 1 survivors (8192K)
 Metaspace       used 20801K, capacity 21038K, committed 21248K, reserved 1067008K
  class space    used 2851K, capacity 2962K, committed 3072K, reserved 1048576K
}
Event: 6,108 GC heap after
{Heap after GC invocations=3 (full 0):
 garbage-first heap   total 1040384K, used 22670K [0x0000000419000000, 0x0000000800000000)
  region size 8192K, 2 young (16384K), 2 survivors (16384K)
 Metaspace       used 20801K, capacity 21038K, committed 21248K, reserved 1067008K
  class space    used 2851K, capacity 2962K, committed 3072K, reserved 1048576K
}

